felixdata 1747299787 9.5, 18.5, 22.5, 8.5, 17.5, 30.5, 8.5, 22.4
felixdata 1747299794 7.5, 16.5, 26.5, 7.5, 33.5, 17.5, 20.5, 29.5
felixdata 1747299797 8.5, 18.5, 23.5, 7.5, 32.5, 19.5, 17.5, 30.5
felixdata 1747299801 10.5, 18.5, 24.5, 9.5, 33.5, 19.5, 18.5, 31.5
felixdata 1747299804 24.5, 10.5, 32.5, 19.5, 15.5, 31.5, 7.5, 20.6
felixdata 1747299807 22.5, 9.5, 30.5, 22.5, 16.5, 31.5, 8.5, 23.5
felixdata 1747299810 8.5, 17.5, 32.5, 20.5, 17.5, 31.5, 13.6, 33.5
felixdata 1747299813 8.5, 16.5, 34.5, 14.6, 32.5, 18.5, 18.5, 27.5
felixdata 1747299816 7.5, 14.5, 33.4, 16.5, 29.5, 18.5, 17.5, 27.5
felixdata 1747299824 7.5, 17.5, 23.5, 6.5, 30.5, 19.6, 16.4, 28.5
felixdata 1747299827 7.5, 17.5, 23.5, 8.5, 30.5, 19.5, 16.5, 29.5
felixdata 1747299830 8.5, 17.5, 23.5, 9.5, 30.5, 19.5, 17.5, 29.5
felixdata 1747299833 8.5, 16.5, 24.5, 8.5, 28.5, 22.5, 16.5, 30.5
felixdata 1747299836 7.5, 21.4, 8.5, 17.5, 29.5, 18.5, 16.5, 29.5
felixdata 1747299839 10.5, 17.5, 23.5, 8.5, 31.5, 18.5, 18.5, 29.5
felixdata 1747299843 7.5, 21.4, 8.5, 17.5, 30.5, 18.5, 17.5, 28.5
felixdata 1747299846 9.5, 19.5, 32.5, 19.5, 30.5, 23.5, 18.5, 30.5
felixdata 1747299849 25.5, 5.5, 32.5, 17.5, 17.5, 28.5, 8.5, 19.5
felixdata 1747299852 25.5, 6.5, 35.4, 17.5, 31.5, 18.5, 30.5, 22.4
felixdata 1747299855 4.5, 17.5, 19.5, 8.5, 27.5, 21.5, 15.5, 31.5
felixdata 1747299858 4.5, 19.5, 21.5, 9.5, 27.5, 19.5, 15.5, 30.5
felixdata 1747299861 7.5, 19.5, 22.5, 10.5, 30.5, 20.5, 16.5, 31.5
felixdata 1747299865 6.5, 20.5, 23.5, 10.5, 31.5, 20.4, 17.5, 32.5
felixdata 1747299868 8.5, 17.5, 23.5, 10.5, 29.5, 20.5, 16.5, 30.5
felixdata 1747299871 19.6, 10.5, 23.5, 10.5, 30.5, 19.5, 16.5, 30.5
felixdata 1747299875 6.5, 20.5, 21.5, 11.4, 28.5, 21.5, 15.5, 31.5
felixdata 1747299878 9.5, 20.5, 23.6, 10.5, 29.6, 20.4, 16.5, 31.5
felixdata 1747299881 8.5, 19.5, 23.5, 9.5, 30.5, 19.5, 16.5, 30.5
felixdata 1747299885 6.5, 20.5, 23.5, 10.5, 30.5, 20.5, 15.5, 31.5
felixdata 1747299888 7.5, 19.5, 23.5, 10.5, 30.6, 20.5, 16.5, 31.5
felixdata 1747299891 5.5, 20.5, 23.5, 9.5, 31.5, 20.5, 15.5, 31.5
felixdata 1747299894 4.6, 19.5, 8.5, 18.5, 31.5, 19.5, 16.5, 30.5
felixdata 1747299897 32.5, 17.6, 32.5, 21.5, 21.5, 28.5, 17.5, 31.5
felixdata 1747299900 6.5, 17.5, 21.5, 5.5, 29.5, 19.5, 17.5, 28.5
felixdata 1747299903 21.5, 7.5, 31.5, 17.5, 16.5, 28.5, 6.5, 18.5
felixdata 1747299906 9.5, 17.5, 30.5, 18.5, 28.5, 22.5, 17.5, 28.6
felixdata 1747299910 21.5, 7.5, 29.5, 19.5, 15.5, 27.6, 8.5, 18.5
felixdata 1747299913 8.5, 18.5, 22.5, 7.5, 29.5, 21.5, 17.5, 28.5
felixdata 1747299916 9.5, 16.5, 23.5, 7.5, 16.5, 30.5, 6.5, 20.5
felixdata 1747299919 11.5, 17.5, 26.5, 9.5, 34.5, 19.5, 19.5, 30.5
felixdata 1747299922 8.5, 19.5, 23.5, 7.5, 31.5, 22.5, 19.5, 30.5
felixdata 1747299925 9.5, 17.5, 25.5, 8.5, 32.5, 21.5, 17.5, 31.5
felixdata 1747299928 8.5, 17.5, 23.5, 8.5, 31.5, 21.5, 17.5, 31.5
felixdata 1747299932 8.5, 19.5, 23.5, 9.5, 31.5, 20.5, 16.5, 31.5
felixdata 1747299935 22.5, 10.5, 31.5, 20.5, 17.4, 31.5, 7.5, 21.5
felixdata 1747299938 7.5, 19.5, 24.5, 8.5, 30.5, 20.5, 18.5, 30.5
felixdata 1747299941 8.5, 19.5, 29.5, 19.5, 27.5, 23.5, 16.5, 29.5
felixdata 1747299944 24.5, 8.5, 30.5, 19.5, 16.5, 27.5, 6.5, 18.5
felixdata 1747299948 8.5, 17.5, 21.5, 10.5, 30.4, 19.5, 17.5, 28.5
felixdata 1747299951 7.5, 19.5, 25.5, 9.5, 31.5, 20.5, 16.5, 30.5
felixdata 1747299954 6.5, 18.5, 24.5, 8.5, 31.5, 21.5, 16.5, 31.5
felixdata 1747299957 7.5, 17.5, 22.5, 8.5, 30.5, 21.5, 17.5, 31.4
felixdata 1747299960 7.5, 21.5, 31.5, 18.5, 30.5, 22.5, 18.5, 29.5
felixdata 1747299963 21.5, 5.5, 29.5, 20.5, 16.5, 28.6, 5.5, 18.6
felixdata 1747299966 22.5, 8.5, 31.5, 19.5, 17.5, 29.5, 8.5, 20.5
felixdata 1747299969 22.5, 7.5, 29.5, 21.5, 18.5, 29.5, 6.5, 19.5
felixdata 1747299972 10.5, 20.5, 31.5, 19.5, 27.6, 21.5, 18.5, 29.5
felixdata 1747299976 23.5, 6.5, 30.5, 20.5, 17.5, 29.5, 6.5, 19.5
felixdata 1747299979 24.5, 7.5, 29.5, 17.5, 17.5, 29.5, 5.5, 18.5
felixdata 1747299982 24.5, 8.5, 31.5, 20.5, 6.5, 19.5, 10.4, 18.5
felixdata 1747299985 26.5, 9.5, 32.5, 19.5, 19.5, 31.5, 8.5, 20.4
felixdata 1747299988 6.5, 21.5, 23.5, 11.5, 30.5, 21.5, 16.4, 32.5
