felixdata 1747389566 6.0, 19.0, 15.0, 12.0, 23.0, 22.0, 13.0, 27.0
felixdata 1747389568 17.0, 3.0, 24.0, 16.0, 14.0, 22.0, 6.0, 14.0
felixdata 1747389571 6.0, 14.0, 15.0, 5.0, 22.0, 18.0, 12.0, 23.0
felixdata 1747389573 3.0, 16.0, 19.0, 17.0, 22.0, 18.0, 11.0, 24.0
felixdata 1747389576 6.0, 15.0, 15.0, 4.0, 22.0, 18.0, 13.0, 24.0
felixdata 1747389578 5.0, 16.0, 15.0, 6.0, 22.0, 18.0, 12.0, 26.0
felixdata 1747389580 5.0, 16.0, 5.0, 13.0, 21.0, 17.0, 12.0, 24.0
felixdata 1747389583 12.0, 6.0, 19.0, 18.0, 10.0, 24.0, 4.0, 16.0
felixdata 1747389585 8.0, 15.0, 15.0, 6.0, 22.0, 17.0, 12.0, 23.0
felixdata 1747389587 6.0, 13.0, 15.0, 5.0, 22.0, 16.0, 13.0, 24.0
felixdata 1747389606 4.0, 14.0, 14.0, 4.0, 24.0, 17.0, 12.0, 24.0
felixdata 1747389610 6.0, 13.0, 14.0, 5.0, 20.0, 16.0, 12.0, 23.0
felixdata 1747389612 6.0, 13.0, 13.0, 6.0, 21.0, 17.0, 11.0, 24.0
felixdata 1747389615 7.0, 13.0, 15.0, 5.0, 23.0, 16.0, 13.0, 22.0
felixdata 1747389618 6.0, 12.0, 12.0, 7.0, 21.0, 17.0, 11.0, 23.0
felixdata 1747389620 3.0, 14.0, 11.0, 6.0, 19.0, 17.0, 9.0, 23.0
felixdata 1747389623 6.0, 15.0, 5.0, 11.0, 20.0, 17.0, 11.0, 23.0
felixdata 1747389625 7.0, 14.0, 14.0, 6.0, 22.0, 17.0, 11.0, 23.0
felixdata 1747389628 4.0, 14.0, 12.0, 8.0, 21.0, 18.0, 10.0, 25.0
felixdata 1747389631 3.0, 13.0, 11.0, 6.0, 18.0, 18.0, 10.0, 22.0
felixdata 1747389633 5.0, 14.0, 13.0, 5.0, 22.0, 18.0, 11.0, 23.0
felixdata 1747389636 5.0, 12.0, 14.0, 5.0, 21.0, 16.0, 12.0, 23.0
felixdata 1747389638 3.0, 15.0, 12.0, 5.0, 19.0, 18.0, 9.0, 24.0
felixdata 1747389641 2.0, 14.0, 13.0, 5.0, 20.0, 17.0, 10.0, 24.0
felixdata 1747389645 5.0, 14.0, 14.0, 5.0, 22.0, 17.0, 12.0, 23.0
felixdata 1747389648 4.0, 13.0, 13.0, 6.0, 20.0, 17.0, 11.0, 23.0
felixdata 1747389651 4.0, 13.0, 13.0, 5.0, 20.0, 16.0, 10.0, 23.0
felixdata 1747389653 5.0, 14.0, 15.0, 5.0, 24.0, 17.0, 13.0, 24.0
felixdata 1747389656 4.0, 13.0, 14.0, 6.0, 22.0, 17.0, 12.0, 23.0
felixdata 1747389658 3.0, 14.0, 12.0, 6.0, 20.0, 18.0, 11.0, 24.0
felixdata 1747389661 4.0, 14.0, 13.0, 6.0, 20.0, 16.0, 10.0, 24.0
felixdata 1747389663 7.0, 14.0, 16.0, 5.0, 24.0, 16.0, 13.0, 23.0
felixdata 1747389666 5.0, 14.0, 14.0, 5.0, 21.0, 16.0, 11.0, 23.0
felixdata 1747389668 2.0, 14.0, 11.0, 4.0, 18.0, 17.0, 9.1, 23.9
felixdata 1747389671 5.0, 13.0, 13.0, 5.0, 21.0, 17.0, 12.0, 23.0
felixdata 1747389673 5.0, 13.0, 15.0, 4.0, 23.0, 17.0, 12.0, 24.0
felixdata 1747389675 5.0, 14.0, 12.0, 6.0, 20.0, 17.0, 11.0, 24.0
felixdata 1747389678 4.0, 15.0, 10.0, 5.0, 18.0, 17.0, 9.0, 24.0
felixdata 1747389680 5.0, 14.0, 13.0, 5.0, 21.0, 18.0, 12.0, 23.0
felixdata 1747389684 6.0, 13.0, 23.0, 17.0, 13.0, 25.0, 13.0, 22.0
felixdata 1747389688 2.0, 13.0, 11.0, 5.0, 19.0, 17.0, 8.0, 24.0
felixdata 1747389691 13.0, 5.0, 21.0, 16.0, 10.0, 23.0, 4.0, 15.0
felixdata 1747389694 5.0, 12.0, 14.0, 5.0, 22.0, 15.0, 10.0, 23.0
felixdata 1747389696 3.0, 15.0, 12.0, 5.0, 19.0, 18.0, 9.0, 23.0
felixdata 1747389699 3.0, 14.0, 12.0, 6.0, 20.0, 17.0, 9.0, 23.0
felixdata 1747389701 5.0, 13.0, 15.0, 5.0, 22.0, 17.0, 12.0, 23.0
felixdata 1747389703 5.0, 14.0, 14.0, 6.0, 21.0, 18.0, 12.0, 22.0
felixdata 1747389706 2.0, 15.0, 12.0, 5.0, 19.0, 18.0, 8.0, 25.0
felixdata 1747389708 4.0, 15.0, 14.0, 6.0, 20.0, 18.0, 10.0, 25.0
felixdata 1747389710 7.0, 13.0, 15.0, 6.0, 23.0, 16.0, 13.0, 23.0
felixdata 1747389713 3.0, 15.0, 12.0, 6.0, 19.0, 17.0, 9.0, 23.0
felixdata 1747389716 3.0, 12.0, 12.0, 6.0, 9.0, 24.0, 3.0, 15.0
felixdata 1747389718 5.0, 14.0, 14.0, 6.0, 21.0, 17.0, 11.0, 24.0
felixdata 1747389721 6.0, 14.0, 14.0, 6.0, 22.0, 16.0, 12.0, 23.0
felixdata 1747389723 3.0, 14.0, 12.0, 6.0, 20.0, 17.0, 10.0, 23.0
felixdata 1747389726 3.0, 15.0, 11.0, 6.0, 19.0, 18.0, 9.0, 23.0
felixdata 1747389728 4.0, 15.0, 13.0, 6.0, 21.0, 18.0, 10.0, 25.0
felixdata 1747389730 5.0, 14.0, 13.1, 5.0, 22.0, 17.0, 11.0, 24.0
felixdata 1747389733 13.0, 5.0, 21.0, 17.0, 11.0, 22.0, 5.0, 15.0
felixdata 1747389735 12.0, 6.0, 18.0, 17.0, 9.0, 24.0, 2.0, 16.0
felixdata 1747389737 4.0, 13.0, 13.0, 5.0, 20.0, 16.0, 10.0, 23.0
felixdata 1747389740 15.0, 4.0, 23.0, 16.0, 12.0, 24.0, 6.0, 15.0
felixdata 1747389742 4.0, 15.0, 13.0, 7.0, 22.0, 18.0, 11.0, 25.0
felixdata 1747389745 2.0, 13.0, 10.0, 6.0, 18.0, 18.0, 9.0, 24.0
felixdata 1747389747 4.0, 14.0, 14.0, 4.0, 20.0, 15.0, 11.0, 23.0
felixdata 1747389750 6.0, 13.0, 14.0, 5.0, 22.0, 16.0, 12.0, 22.0
felixdata 1747389752 3.0, 13.0, 11.0, 5.0, 20.0, 16.0, 9.0, 24.0
felixdata 1747389755 3.0, 14.0, 11.0, 5.0, 19.0, 17.0, 9.0, 23.0
felixdata 1747389758 5.0, 14.0, 14.0, 6.0, 21.0, 17.0, 11.0, 23.0
felixdata 1747389760 5.0, 13.0, 14.0, 5.0, 23.0, 17.0, 12.0, 24.0
felixdata 1747389762 3.0, 15.0, 13.0, 5.0, 22.0, 17.0, 9.0, 24.0
felixdata 1747389765 4.0, 14.0, 12.0, 6.0, 21.0, 17.0, 10.0, 23.0
felixdata 1747389767 5.0, 15.0, 14.0, 5.0, 22.0, 17.0, 11.0, 23.0
felixdata 1747389770 6.0, 14.0, 15.0, 5.0, 22.0, 17.0, 12.0, 23.0
felixdata 1747389773 4.0, 16.0, 12.0, 6.0, 19.0, 19.0, 9.0, 24.0
felixdata 1747389775 4.0, 15.0, 13.0, 5.0, 21.0, 18.0, 11.0, 24.0
felixdata 1747389777 5.0, 14.0, 15.0, 4.0, 23.0, 17.0, 12.0, 23.0
felixdata 1747389780 5.0, 15.0, 14.0, 5.0, 22.0, 17.0, 11.0, 25.0
felixdata 1747390660 13.5, 14.5, 21.5, 9.5, 30.5, 19.5, 20.5, 25.5
felixdata 1747390662 12.5, 16.5, 21.5, 6.5, 29.5, 19.5, 19.5, 26.5
felixdata 1747390664 13.5, 14.5, 22.5, 8.5, 29.5, 18.5, 19.5, 25.5
felixdata 1747390667 13.5, 17.5, 21.5, 8.5, 29.5, 20.5, 19.5, 27.5
felixdata 1747390669 12.5, 16.5, 22.5, 8.5, 29.5, 19.5, 20.5, 25.5
felixdata 1747390672 12.5, 16.5, 22.5, 9.5, 29.5, 19.5, 19.5, 25.5
felixdata 1747390675 12.5, 17.5, 21.5, 8.5, 28.5, 20.5, 18.5, 26.5
felixdata 1747390677 12.5, 17.5, 22.5, 8.5, 30.5, 19.5, 19.5, 26.5
felixdata 1747390679 13.5, 17.5, 23.5, 9.5, 31.5, 19.5, 19.5, 26.5
felixdata 1747390682 13.5, 16.5, 22.5, 8.5, 29.5, 18.5, 19.5, 25.5
felixdata 1747390685 13.5, 14.5, 22.5, 8.5, 29.5, 18.5, 20.5, 25.5
felixdata 1747390687 13.5, 17.5, 22.5, 9.5, 29.5, 19.5, 18.5, 25.5
felixdata 1747390689 13.5, 17.5, 22.5, 8.5, 29.5, 20.5, 19.5, 27.5
felixdata 1747390692 14.5, 17.5, 22.5, 10.5, 29.5, 20.5, 20.5, 26.5
felixdata 1747390695 13.5, 18.5, 24.5, 8.5, 31.5, 19.5, 19.5, 28.5
felixdata 1747390697 15.5, 16.5, 24.5, 9.5, 31.5, 19.5, 21.5, 26.5
