felixdata 1747220054 25.5, 32.8, 36.3, 26.5, 42.6, 36.2, 33.8, 42.5
felixdata 1747220057 25.5, 33.4, 36.2, 27.4, 42.4, 36.3, 33.6, 42.6
felixdata 1747220060 26.3, 33.7, 36.4, 28.0, 42.6, 36.4, 33.7, 42.6
felixdata 1747220063 26.2, 34.3, 36.4, 28.2, 42.5, 36.4, 33.5, 43.4
felixdata 1747220066 26.4, 33.6, 36.5, 27.1, 42.7, 36.4, 33.9, 43.4
felixdata 1747220069 26.3, 33.2, 36.4, 27.2, 42.7, 36.2, 33.9, 43.1
felixdata 1747220072 26.5, 33.8, 36.4, 27.5, 42.7, 36.5, 33.8, 43.2
felixdata 1747220075 26.3, 33.3, 36.4, 27.3, 42.8, 36.2, 34.5, 42.6
felixdata 1747220078 26.2, 33.3, 36.6, 27.3, 42.8, 35.6, 33.9, 42.4
felixdata 1747220081 26.2, 34.2, 37.1, 27.4, 42.9, 36.4, 34.3, 43.2
felixdata 1747220084 26.4, 34.2, 36.6, 27.3, 43.4, 36.3, 33.8, 43.4
felixdata 1747220087 26.3, 33.5, 36.8, 27.2, 43.4, 36.3, 34.6, 42.7
felixdata 1747220092 26.2, 33.6, 37.3, 27.4, 43.7, 35.6, 34.4, 42.4
felixdata 1747220095 25.5, 33.5, 36.5, 27.2, 43.5, 36.2, 34.5, 42.4
felixdata 1747220098 26.2, 33.6, 36.5, 27.5, 43.6, 36.4, 34.4, 42.5
felixdata 1747220102 26.1, 33.5, 36.5, 27.5, 43.5, 36.3, 34.5, 42.5
felixdata 1747220106 25.6, 33.6, 36.3, 27.3, 43.4, 36.7, 33.7, 42.6
felixdata 1747220109 25.6, 33.5, 36.6, 27.2, 43.4, 35.7, 33.7, 42.7
felixdata 1747220112 26.1, 33.4, 36.7, 27.3, 43.5, 35.7, 33.9, 42.5
felixdata 1747220115 25.6, 33.6, 36.6, 27.3, 43.7, 36.3, 33.8, 43.1
felixdata 1747220118 26.1, 33.4, 36.5, 27.4, 43.7, 36.4, 34.5, 42.6
felixdata 1747220121 25.6, 33.5, 36.4, 27.2, 43.6, 36.4, 33.6, 42.7
felixdata 1747220125 25.4, 34.3, 36.5, 27.4, 43.5, 36.7, 33.7, 43.3
felixdata 1747220128 25.3, 33.6, 36.3, 26.6, 43.7, 36.5, 33.6, 43.3
felixdata 1747220131 25.5, 33.5, 36.4, 27.2, 43.6, 36.4, 33.6, 43.3
felixdata 1747220134 26.2, 33.6, 36.4, 27.5, 43.5, 36.4, 33.8, 43.3
felixdata 1747220137 26.1, 33.4, 36.5, 27.2, 43.5, 36.2, 33.7, 42.5
felixdata 1747220141 26.4, 33.4, 36.6, 27.5, 43.4, 35.7, 33.9, 42.4
felixdata 1747220144 26.2, 33.5, 36.5, 27.4, 43.5, 36.3, 34.5, 42.4
felixdata 1747220147 26.2, 33.3, 36.4, 27.4, 43.6, 36.3, 34.0, 42.5
felixdata 1747220151 26.2, 33.5, 36.3, 27.6, 42.8, 35.8, 33.9, 42.3
felixdata 1747220154 26.2, 33.7, 36.4, 28.1, 43.4, 36.7, 34.7, 42.4
felixdata 1747220157 26.3, 33.4, 36.6, 27.3, 43.5, 36.4, 34.5, 42.6
felixdata 1747220160 26.4, 33.8, 37.3, 28.2, 42.7, 36.5, 34.6, 42.5
felixdata 1747220163 25.6, 33.7, 36.7, 27.4, 42.9, 36.4, 33.8, 43.4
felixdata 1747220166 25.6, 33.6, 36.5, 27.2, 43.5, 35.6, 33.8, 42.5
felixdata 1747220169 26.3, 33.4, 36.6, 27.3, 43.5, 35.7, 33.9, 42.5
felixdata 1747220172 26.5, 33.6, 36.5, 27.5, 43.6, 35.8, 34.6, 42.4
felixdata 1747220176 26.2, 33.6, 36.6, 27.4, 43.5, 35.7, 34.4, 42.3
felixdata 1747220179 26.2, 33.7, 36.6, 27.5, 43.5, 35.7, 33.8, 42.5
felixdata 1747220182 26.1, 33.8, 36.6, 27.4, 43.5, 36.4, 33.8, 43.1
felixdata 1747220186 26.3, 34.2, 36.6, 28.3, 43.6, 36.7, 34.5, 43.4
felixdata 1747220189 26.2, 33.7, 36.5, 28.1, 43.6, 36.4, 33.6, 43.3
felixdata 1747220192 26.1, 33.7, 36.3, 28.2, 43.5, 36.3, 33.4, 42.6
felixdata 1747220196 26.2, 33.5, 36.6, 27.2, 43.7, 35.8, 33.7, 42.7
felixdata 1747220200 26.1, 33.5, 37.3, 27.2, 43.6, 35.6, 33.7, 43.2
felixdata 1747220203 25.6, 33.5, 36.7, 27.2, 43.4, 36.2, 34.0, 42.5
