felixdata 1747300140 8.5, 17.5, 20.5, 9.5, 30.5, 20.5, 31.5, 24.4
felixdata 1747300143 6.5, 18.5, 20.5, 10.5, 28.5, 20.5, 14.5, 32.5
felixdata 1747300146 7.5, 18.5, 20.5, 10.5, 29.5, 19.5, 14.5, 32.5
felixdata 1747300149 8.5, 18.5, 21.5, 9.5, 30.5, 20.5, 16.5, 33.5
felixdata 1747300152 8.5, 17.5, 22.5, 9.5, 29.5, 19.5, 16.5, 32.5
felixdata 1747300155 8.5, 18.4, 21.5, 9.5, 29.5, 19.5, 16.5, 32.5
felixdata 1747300158 18.6, 9.5, 22.5, 9.5, 17.5, 32.5, 9.5, 17.5
felixdata 1747300162 11.5, 20.5, 23.5, 11.5, 31.5, 21.5, 19.5, 33.5
felixdata 1747300165 9.5, 20.5, 23.5, 10.5, 31.5, 21.5, 18.5, 32.5
felixdata 1747300168 10.5, 17.5, 22.5, 10.5, 29.5, 20.5, 17.5, 32.5
felixdata 1747300171 19.5, 9.5, 23.5, 9.5, 30.5, 20.5, 8.6, 17.5
felixdata 1747300174 9.5, 22.5, 23.5, 13.5, 30.5, 22.5, 18.5, 33.5
felixdata 1747300177 9.5, 19.5, 21.5, 11.5, 31.5, 21.5, 17.5, 34.5
felixdata 1747300180 8.5, 18.5, 22.5, 10.5, 32.5, 21.5, 16.5, 31.5
felixdata 1747300184 8.6, 17.5, 22.5, 9.5, 29.5, 20.5, 18.5, 30.5
felixdata 1747300187 8.5, 18.5, 23.5, 10.5, 31.5, 20.5, 17.5, 32.5
felixdata 1747300190 8.5, 18.5, 20.5, 10.5, 31.5, 20.5, 17.5, 31.5
felixdata 1747300193 9.5, 18.5, 21.5, 9.5, 30.5, 19.5, 17.5, 32.5
felixdata 1747300197 8.5, 17.5, 21.5, 9.5, 30.5, 20.5, 16.5, 32.5
felixdata 1747300200 8.5, 17.5, 22.5, 9.5, 30.5, 20.5, 16.5, 32.5
felixdata 1747300203 10.5, 18.5, 22.5, 9.5, 32.5, 19.5, 17.5, 33.5
felixdata 1747300207 9.5, 18.5, 22.5, 8.5, 31.5, 20.5, 16.5, 33.5
felixdata 1747300210 10.5, 17.5, 22.5, 9.5, 29.5, 19.5, 18.5, 32.5
felixdata 1747300214 10.5, 18.5, 22.5, 9.5, 30.5, 20.5, 18.5, 32.5
felixdata 1747300217 10.5, 17.5, 21.5, 8.5, 16.5, 32.5, 9.5, 21.4
felixdata 1747300221 12.5, 17.5, 23.5, 9.5, 34.5, 19.5, 17.5, 31.5
felixdata 1747300224 20.6, 9.5, 24.5, 10.5, 11.5, 21.4, 12.5, 17.5
felixdata 1747300228 14.5, 20.5, 25.5, 13.5, 21.5, 34.5, 11.5, 24.5
felixdata 1747300231 13.5, 18.5, 17.4, 18.5, 25.5, 11.5, 23.5, 32.5
felixdata 1747300234 13.5, 17.5, 23.5, 9.5, 33.5, 23.5, 20.5, 31.5
felixdata 1747300238 11.5, 22.4, 11.5, 18.5, 32.5, 23.5, 20.5, 31.5
felixdata 1747300241 11.5, 16.5, 24.5, 7.5, 34.5, 20.5, 20.5, 31.5
felixdata 1747300244 9.5, 17.5, 22.5, 8.5, 32.5, 19.5, 18.5, 31.5
felixdata 1747300247 9.5, 18.5, 23.5, 10.5, 32.5, 20.5, 19.5, 31.5
felixdata 1747300250 8.5, 14.5, 23.5, 9.5, 30.5, 19.5, 7.5, 18.5
felixdata 1747300253 11.5, 20.5, 22.5, 12.5, 32.5, 22.5, 19.5, 34.5
felixdata 1747300256 20.5, 8.5, 24.5, 9.5, 8.5, 19.5, 10.5, 15.5
felixdata 1747300259 13.5, 20.5, 24.5, 14.5, 32.5, 22.5, 21.5, 35.5
felixdata 1747300263 23.5, 12.5, 30.5, 22.5, 11.5, 23.4, 11.5, 19.5
felixdata 1747300266 11.5, 19.5, 23.5, 11.5, 18.5, 35.5, 10.5, 23.4
felixdata 1747300269 24.5, 9.5, 17.4, 17.5, 12.5, 22.4, 13.5, 18.5
felixdata 1747300272 27.5, 10.5, 36.5, 22.5, 12.5, 20.5, 16.5, 19.5
felixdata 1747300275 25.5, 11.5, 34.5, 22.5, 12.5, 25.5, 13.5, 21.5
felixdata 1747300278 25.5, 14.5, 34.5, 25.5, 34.5, 29.5, 11.5, 23.5
felixdata 1747300281 7.5, 21.5, 22.5, 12.5, 30.5, 23.5, 16.5, 33.5
felixdata 1747300285 21.5, 11.5, 29.5, 22.5, 12.5, 19.5, 8.5, 18.5
felixdata 1747300288 23.5, 11.5, 25.5, 15.5, 30.5, 20.5, 10.5, 20.5
felixdata 1747300291 9.5, 20.5, 22.5, 13.5, 31.5, 23.5, 31.5, 27.5
felixdata 1747300294 20.5, 13.5, 30.5, 23.5, 7.5, 20.5, 11.4, 19.5
felixdata 1747300298 18.6, 13.5, 22.5, 13.5, 30.5, 23.5, 8.5, 21.5
felixdata 1747300301 8.5, 19.6, 21.5, 14.5, 31.5, 27.5, 8.5, 23.5
felixdata 1747300304 22.5, 13.5, 23.5, 17.4, 31.5, 25.5, 8.5, 22.5
felixdata 1747300308 21.5, 13.5, 32.5, 25.5, 10.5, 25.4, 10.5, 21.5
felixdata 1747300311 21.5, 10.5, 30.5, 22.5, 18.5, 34.5, 8.5, 22.5
felixdata 1747300315 9.5, 20.5, 22.5, 10.5, 31.5, 21.5, 18.5, 32.5
felixdata 1747300318 9.5, 19.5, 23.5, 10.5, 31.5, 21.5, 18.5, 31.5
felixdata 1747300321 9.5, 21.5, 22.5, 11.5, 30.5, 23.5, 18.5, 32.5
felixdata 1747300325 8.5, 16.5, 21.5, 9.5, 32.5, 20.5, 18.5, 32.5
felixdata 1747300328 10.5, 17.5, 22.5, 8.5, 31.5, 20.5, 18.5, 30.5
