felixdata 1747300349 8.5, 19.5, 20.5, 11.5, 29.5, 21.5, 17.5, 32.5
felixdata 1747300352 8.5, 17.5, 19.5, 9.5, 28.5, 22.5, 7.5, 21.4
felixdata 1747300355 20.5, 8.5, 20.5, 12.4, 30.5, 24.5, 9.5, 16.5
felixdata 1747300358 9.5, 19.5, 20.5, 10.5, 31.5, 23.5, 32.5, 27.5
felixdata 1747300361 6.5, 19.5, 20.5, 11.5, 31.5, 22.5, 17.5, 34.5
felixdata 1747300365 7.5, 19.5, 20.5, 10.5, 31.5, 22.5, 16.5, 34.5
felixdata 1747300368 8.5, 16.5, 21.5, 9.5, 31.5, 21.5, 27.6, 20.5
felixdata 1747300371 8.5, 18.5, 20.5, 11.4, 29.5, 22.5, 30.5, 26.4
felixdata 1747300374 15.6, 11.5, 19.5, 11.5, 27.5, 22.5, 6.5, 19.5
felixdata 1747300378 8.5, 20.5, 19.5, 13.5, 29.5, 24.5, 17.5, 33.5
felixdata 1747300381 8.5, 18.5, 19.5, 10.5, 31.5, 23.5, 16.5, 32.5
felixdata 1747300384 22.5, 10.5, 30.5, 21.5, 32.5, 25.5, 7.5, 19.5
felixdata 1747300387 21.5, 11.5, 28.5, 21.5, 30.5, 25.5, 7.5, 20.5
felixdata 1747300390 18.5, 9.5, 19.5, 13.5, 6.5, 22.5, 5.5, 18.5
felixdata 1747300394 8.5, 21.5, 22.5, 14.5, 31.5, 23.5, 32.5, 27.5
felixdata 1747300397 20.5, 14.5, 24.4, 15.5, 30.5, 23.5, 9.5, 20.5
felixdata 1747300400 16.5, 14.5, 20.5, 14.5, 20.5, 18.4, 8.5, 18.5
felixdata 1747300403 17.6, 14.5, 21.5, 10.6, 21.5, 14.5, 11.5, 18.5
felixdata 1747300406 22.5, 14.5, 22.5, 18.5, 11.5, 29.5, 11.5, 25.5
felixdata 1747300409 21.5, 17.5, 25.4, 17.5, 32.5, 28.5, 11.5, 24.5
felixdata 1747300412 19.5, 15.5, 23.5, 16.5, 10.5, 23.5, 10.5, 19.6
felixdata 1747300415 12.5, 26.5, 24.5, 17.5, 33.5, 27.5, 20.5, 36.5
felixdata 1747300419 18.6, 13.5, 22.5, 14.5, 32.5, 24.5, 10.5, 21.5
felixdata 1747300422 12.5, 22.5, 22.5, 13.5, 31.5, 25.5, 32.5, 29.5
felixdata 1747300425 7.5, 21.5, 19.5, 12.5, 28.5, 23.5, 14.5, 33.5
felixdata 1747300428 21.5, 11.5, 29.5, 21.5, 13.5, 21.5, 9.5, 20.5
felixdata 1747300431 21.5, 12.5, 31.5, 20.5, 14.4, 19.5, 10.5, 18.5
felixdata 1747300434 8.5, 17.5, 20.5, 12.5, 18.5, 33.5, 10.5, 21.5
felixdata 1747300437 13.5, 18.5, 23.5, 10.5, 33.5, 24.5, 22.5, 32.5
felixdata 1747300440 22.5, 10.5, 32.5, 22.5, 11.5, 18.5, 7.6, 18.5
felixdata 1747300444 13.5, 18.5, 23.5, 11.5, 34.5, 24.5, 34.5, 28.5
felixdata 1747300447 9.5, 18.5, 20.5, 11.5, 31.5, 24.5, 8.5, 22.5
felixdata 1747300450 9.5, 21.5, 21.5, 12.5, 30.5, 24.5, 30.5, 28.5
felixdata 1747300454 7.5, 19.5, 20.5, 12.5, 29.5, 24.5, 18.5, 34.5
felixdata 1747300457 8.5, 18.5, 21.5, 11.5, 29.5, 22.5, 16.5, 31.5
felixdata 1747300460 17.6, 9.5, 21.5, 9.5, 30.5, 20.5, 7.5, 17.5
felixdata 1747300464 9.5, 20.5, 21.5, 12.5, 30.5, 23.5, 18.5, 36.5
felixdata 1747300467 8.5, 18.5, 20.5, 9.5, 32.5, 23.5, 18.5, 35.5
felixdata 1747300470 20.5, 8.5, 30.5, 21.5, 30.5, 25.5, 8.5, 18.5
felixdata 1747300473 8.5, 20.5, 19.5, 9.5, 28.5, 21.5, 16.5, 34.5
felixdata 1747300476 8.5, 19.5, 20.5, 11.5, 29.5, 24.5, 17.5, 34.5
felixdata 1747300480 8.5, 17.5, 20.5, 8.5, 29.5, 21.5, 30.5, 25.5
felixdata 1747300483 8.5, 17.5, 20.5, 9.5, 29.5, 21.5, 17.5, 31.5
felixdata 1747300486 6.5, 17.5, 19.5, 9.5, 28.5, 21.5, 15.5, 32.5
felixdata 1747300489 9.5, 17.5, 22.5, 10.5, 31.5, 21.5, 16.5, 31.5
felixdata 1747300492 9.5, 15.5, 21.5, 8.5, 31.5, 20.5, 8.5, 19.5
felixdata 1747300495 9.5, 19.5, 21.5, 11.5, 32.5, 24.5, 19.5, 34.5
felixdata 1747300498 9.5, 18.5, 22.5, 11.5, 31.5, 23.5, 18.5, 34.5
felixdata 1747300502 9.5, 18.5, 23.5, 9.5, 31.5, 22.5, 19.5, 33.5
felixdata 1747300505 9.5, 17.5, 22.5, 8.5, 31.5, 25.5, 19.5, 32.5
felixdata 1747300508 9.5, 17.5, 22.5, 8.5, 30.5, 22.5, 18.5, 30.5
felixdata 1747300818 23.5, 9.5, 32.5, 18.6, 33.5, 22.5, 12.4, 18.5
