felixdata 1747301122 7.5, 18.5, 23.5, 8.5, 29.5, 19.5, 16.5, 29.5
felixdata 1747301129 7.5, 20.5, 24.5, 8.5, 30.5, 22.5, 17.5, 30.5
felixdata 1747301136 8.5, 19.5, 24.5, 9.5, 30.5, 22.5, 16.5, 31.5
felixdata 1747301143 8.5, 19.5, 24.5, 9.5, 30.5, 19.5, 18.5, 30.5
felixdata 1747301150 7.5, 18.5, 23.5, 9.5, 29.5, 20.5, 17.5, 29.5
felixdata 1747301157 8.5, 19.5, 22.5, 8.5, 30.5, 20.5, 16.5, 29.5
felixdata 1747301164 8.5, 19.5, 23.5, 10.5, 30.5, 19.5, 16.5, 30.5
felixdata 1747301172 7.5, 19.5, 23.5, 9.5, 30.5, 19.5, 16.5, 30.5
felixdata 1747301179 8.5, 18.5, 31.5, 19.5, 28.5, 23.4, 16.5, 30.5
felixdata 1747301186 7.5, 17.5, 23.5, 7.5, 29.5, 20.5, 16.5, 29.5
felixdata 1747301193 7.5, 18.5, 23.5, 8.5, 30.5, 20.5, 17.5, 30.6
felixdata 1747301201 24.5, 8.4, 31.5, 19.5, 18.5, 29.5, 5.5, 19.5
felixdata 1747301208 8.5, 18.5, 23.5, 7.5, 30.5, 18.5, 17.5, 30.4
felixdata 1747301215 23.5, 7.5, 30.5, 18.5, 16.5, 31.5, 7.5, 20.5
felixdata 1747301222 24.5, 8.5, 30.5, 19.5, 6.5, 20.5, 8.5, 16.6
felixdata 1747301229 9.5, 20.5, 25.5, 11.5, 30.5, 21.5, 18.5, 31.5
felixdata 1747301236 8.5, 20.5, 25.5, 9.5, 30.5, 21.5, 18.5, 31.5
felixdata 1747301243 24.5, 9.5, 30.5, 20.5, 17.5, 31.5, 8.5, 20.5
felixdata 1747301251 8.5, 19.5, 23.5, 9.5, 29.5, 21.5, 17.5, 31.5
felixdata 1747301258 8.5, 18.5, 22.5, 9.5, 30.5, 20.5, 16.5, 31.5
felixdata 1747301265 9.5, 17.5, 24.5, 8.5, 17.5, 31.5, 7.5, 21.5
felixdata 1747301272 12.5, 16.6, 25.5, 9.5, 31.5, 20.5, 11.5, 20.5
felixdata 1747301279 11.5, 21.5, 25.5, 11.5, 31.5, 22.5, 20.5, 31.5
felixdata 1747301286 10.5, 18.5, 22.5, 10.5, 29.5, 20.5, 18.5, 30.5
felixdata 1747301293 10.5, 19.5, 24.5, 9.5, 29.5, 21.5, 17.5, 31.5
felixdata 1747301300 8.5, 20.5, 23.5, 9.5, 29.5, 20.5, 17.5, 31.5
felixdata 1747301307 8.5, 20.5, 22.5, 10.5, 29.5, 21.5, 18.5, 31.4
felixdata 1747301315 9.5, 17.5, 23.5, 8.5, 28.5, 21.5, 17.5, 31.5
felixdata 1747301322 9.5, 16.5, 23.5, 8.5, 17.5, 30.5, 8.5, 20.5
felixdata 1747301329 24.5, 9.5, 32.5, 22.5, 18.5, 31.5, 11.5, 21.5
felixdata 1747301336 9.5, 20.5, 9.5, 16.6, 32.5, 21.5, 17.5, 31.5
felixdata 1747301343 8.5, 19.5, 26.5, 8.5, 32.5, 20.5, 19.5, 29.5
felixdata 1747301351 9.5, 18.5, 25.5, 9.5, 31.5, 18.5, 19.5, 29.5
felixdata 1747301358 9.5, 17.5, 23.5, 8.5, 29.5, 19.5, 18.5, 30.5
