felixdata 1747300826 21.5, 10.5, 31.5, 22.5, 8.5, 23.4, 8.5, 19.5
felixdata 1747300833 9.5, 20.5, 21.5, 11.5, 30.5, 21.5, 16.5, 32.5
felixdata 1747300840 9.5, 17.5, 20.5, 9.5, 31.5, 22.5, 9.5, 21.4
felixdata 1747300847 17.5, 11.5, 21.5, 10.5, 8.5, 19.5, 3.5, 19.5
felixdata 1747300854 11.5, 22.5, 21.5, 13.5, 34.5, 28.5, 19.5, 36.6
felixdata 1747300861 10.5, 20.5, 21.5, 11.5, 31.5, 26.5, 19.5, 34.5
felixdata 1747300868 12.4, 16.5, 22.5, 9.5, 33.5, 25.5, 21.5, 33.5
felixdata 1747300875 20.5, 6.7, 21.5, 10.5, 32.5, 22.5, 10.5, 16.5
felixdata 1747300882 8.5, 20.5, 19.5, 12.5, 30.5, 25.5, 17.5, 34.5
felixdata 1747300889 9.5, 19.5, 19.5, 11.5, 30.5, 25.5, 16.5, 33.5
felixdata 1747300896 10.5, 19.5, 20.5, 12.4, 27.6, 21.5, 16.5, 28.5
felixdata 1747300903 13.5, 18.6, 22.5, 13.4, 28.5, 20.5, 19.5, 27.5
felixdata 1747300910 9.5, 16.5, 20.5, 8.5, 29.5, 20.5, 18.5, 28.5
felixdata 1747300917 9.5, 18.5, 21.5, 9.5, 30.5, 22.5, 20.5, 31.5
felixdata 1747300924 9.5, 16.5, 20.5, 9.5, 30.5, 24.5, 18.5, 31.5
felixdata 1747300931 8.5, 16.5, 19.5, 9.5, 30.5, 21.5, 18.5, 31.5
felixdata 1747300941 9.5, 17.5, 19.5, 10.5, 29.5, 24.5, 18.5, 33.5
felixdata 1747300948 8.5, 16.5, 20.5, 9.5, 29.5, 21.5, 29.5, 25.4
felixdata 1747300955 6.5, 17.5, 17.5, 10.5, 27.5, 22.5, 14.5, 33.5
felixdata 1747300962 14.6, 10.5, 18.5, 10.5, 28.5, 21.5, 7.5, 18.5
felixdata 1747300970 6.5, 19.5, 20.5, 11.5, 31.5, 24.5, 33.5, 28.5
felixdata 1747300977 6.5, 19.5, 17.5, 13.5, 26.5, 22.5, 28.5, 26.5
felixdata 1747300984 6.5, 20.5, 17.5, 12.5, 14.5, 34.5, 6.5, 24.4
felixdata 1747300991 10.5, 19.5, 21.5, 10.5, 30.5, 22.5, 19.5, 32.5
felixdata 1747300998 9.5, 18.5, 21.5, 9.5, 19.5, 33.5, 9.5, 22.4
felixdata 1747301005 12.5, 18.5, 24.5, 9.5, 33.5, 23.5, 21.5, 31.5
felixdata 1747301012 10.5, 17.5, 22.5, 8.5, 30.5, 20.5, 19.5, 32.5
felixdata 1747301019 9.5, 16.5, 21.5, 9.5, 30.5, 22.5, 19.5, 31.5
felixdata 1747301026 9.5, 16.5, 21.5, 8.5, 30.5, 21.5, 18.5, 30.5
felixdata 1747301033 10.5, 17.5, 22.5, 9.5, 30.5, 20.5, 18.5, 31.5
felixdata 1747301041 9.5, 17.5, 22.5, 10.5, 31.5, 23.5, 19.5, 32.5
felixdata 1747301048 9.5, 16.5, 22.5, 9.5, 18.5, 31.5, 9.5, 20.4
felixdata 1747301055 12.5, 16.5, 23.5, 9.5, 20.5, 31.5, 11.5, 20.4
felixdata 1747301062 13.5, 16.5, 24.5, 8.5, 21.5, 32.5, 12.5, 20.4
felixdata 1747301069 14.5, 14.5, 25.5, 9.5, 33.5, 19.5, 20.5, 31.5
felixdata 1747301076 12.5, 16.5, 23.5, 9.5, 33.5, 22.5, 19.5, 32.5
