felixdata 18.5 18.5, 20.5, 27.5, 12.5, 34.5, 22.5, 24.5, 29.5
felixdata 11.5 11.5, 18.5, 20.5, 10.5, 28.5, 20.5, 18.5, 27.5
felixdata 9.5 9.5, 18.5, 19.5, 8.5, 26.5, 21.5, 17.5, 25.5
felixdata 12.5 12.5, 19.5, 22.5, 11.5, 28.5, 21.5, 18.5, 28.5
felixdata 12.5 12.5, 18.5, 22.5, 12.5, 28.5, 20.5, 18.5, 28.5
felixdata 11.5 11.5, 15.5, 19.5, 8.5, 27.5, 20.5, 18.5, 27.5
felixdata 11.5 11.5, 18.5, 21.5, 9.5, 28.5, 20.5, 17.5, 28.5
felixdata 11.5 11.5, 18.5, 21.5, 9.5, 28.5, 22.5, 18.5, 28.5
felixdata 13.5 13.5, 17.5, 21.5, 9.5, 28.5, 19.5, 18.5, 26.5
felixdata 13.5 13.5, 18.5, 23.5, 9.5, 29.5, 20.5, 20.5, 28.5
felixdata 13.5 13.5, 20.5, 21.5, 12.5, 29.5, 23.5, 20.4, 29.5
felixdata 13.5 13.5, 17.5, 21.5, 10.5, 28.5, 21.5, 19.5, 26.5
felixdata 12.5 12.5, 17.5, 21.5, 9.5, 28.5, 20.5, 19.5, 26.5
felixdata 12.5 12.5, 18.5, 22.5, 11.5, 30.5, 22.5, 20.5, 28.5
felixdata 12.5 12.5, 18.5, 22.5, 11.4, 30.5, 22.5, 19.5, 29.5
felixdata 12.5 12.5, 18.5, 22.5, 9.5, 30.5, 22.5, 19.5, 28.5
felixdata 12.5 12.5, 18.5, 22.5, 9.5, 29.5, 21.5, 18.5, 27.5
felixdata 12.5 12.5, 19.5, 22.5, 10.5, 29.5, 23.5, 19.5, 30.5
felixdata 12.5 12.5, 19.5, 22.5, 11.5, 30.5, 23.5, 20.5, 30.5
felixdata 13.5 13.5, 17.5, 22.5, 9.5, 30.5, 21.5, 20.5, 27.5
felixdata 14.5 14.5, 17.5, 23.5, 8.5, 30.5, 19.5, 20.5, 26.5
felixdata 14.5 14.5, 18.5, 23.5, 10.5, 30.5, 20.5, 20.5, 28.5
felixdata 13.5 13.5, 19.5, 22.5, 12.4, 29.5, 22.5, 20.5, 28.5
felixdata 13.5 13.5, 17.5, 21.5, 9.5, 29.5, 21.5, 19.5, 28.5
felixdata 13.5 13.5, 17.5, 21.5, 10.5, 29.5, 21.5, 19.6, 28.5
felixdata 15.5 15.5, 19.5, 22.5, 11.5, 31.5, 23.5, 21.5, 29.5
felixdata 13.5 13.5, 17.5, 22.5, 9.5, 29.5, 20.5, 19.6, 26.5
felixdata 14.5 14.5, 18.5, 21.5, 10.5, 28.5, 21.5, 20.5, 27.5
felixdata 13.5 13.5, 20.5, 22.5, 11.5, 29.5, 22.5, 19.5, 29.5
felixdata 13.5 13.5, 18.5, 23.5, 9.5, 30.5, 21.5, 20.5, 28.5
felixdata 14.5 14.5, 16.5, 23.5, 10.5, 30.5, 19.5, 21.5, 25.5
felixdata 12.5 12.5, 18.5, 23.5, 11.5, 30.5, 21.5, 19.5, 28.5
felixdata 12.5 12.5, 20.5, 22.5, 10.5, 31.5, 24.5, 19.5, 32.5
felixdata 14.5 14.5, 17.5, 22.5, 9.5, 30.5, 22.5, 21.5, 27.5
felixdata 13.5 13.5, 17.5, 23.5, 9.5, 30.5, 22.5, 21.5, 27.5
felixdata 14.5 14.5, 20.5, 23.5, 12.5, 30.5, 23.5, 20.5, 30.5
felixdata 13.5 13.5, 18.5, 24.5, 11.5, 30.5, 22.5, 20.5, 29.5
felixdata 14.5 14.5, 18.5, 23.5, 10.5, 28.5, 20.5, 21.5, 25.5
felixdata 14.5 14.5, 17.5, 22.5, 8.5, 28.5, 21.5, 20.5, 26.5
felixdata 13.5 13.5, 19.5, 21.5, 11.5, 29.5, 22.5, 19.5, 29.5
felixdata 14.5 14.5, 17.5, 22.5, 8.5, 29.5, 21.5, 19.5, 28.5
felixdata 13.5 13.5, 19.5, 21.5, 11.5, 28.5, 21.5, 18.5, 28.5
felixdata 14.5 14.5, 19.5, 21.5, 12.4, 29.5, 23.5, 19.5, 30.5
felixdata 14.5 14.5, 18.5, 21.5, 9.5, 29.5, 21.5, 20.5, 27.5
felixdata 13.5 13.5, 17.5, 21.5, 9.5, 28.5, 19.5, 18.5, 26.5
felixdata 14.5 14.5, 18.5, 22.5, 11.5, 28.6, 21.5, 19.5, 27.5
felixdata 13.5 13.5, 18.5, 21.5, 11.5, 27.5, 21.5, 19.5, 28.5
felixdata 12.5 12.5, 18.5, 21.5, 10.5, 27.5, 21.5, 18.5, 27.5
felixdata 13.5 13.5, 17.5, 20.5, 9.5, 27.5, 20.5, 18.5, 27.5
felixdata 13.5 13.5, 19.5, 20.5, 11.5, 27.5, 21.5, 18.5, 27.5
felixdata 13.5 13.5, 18.5, 21.5, 10.5, 29.5, 22.5, 19.5, 29.5
felixdata 11.5 11.5, 16.5, 21.5, 8.5, 29.5, 19.5, 19.5, 26.5
felixdata 13.5 13.5, 17.5, 21.5, 8.5, 29.5, 20.5, 19.5, 26.5
felixdata 13.5 13.5, 19.5, 21.5, 9.5, 28.5, 21.5, 18.5, 29.5
felixdata 14.5 14.5, 18.5, 22.5, 10.5, 30.5, 20.5, 20.5, 27.5
felixdata 14.5 14.5, 16.5, 21.5, 8.5, 30.5, 19.5, 20.5, 25.5
felixdata 13.5 13.5, 17.5, 21.5, 9.5, 30.5, 21.5, 19.5, 27.5
felixdata 14.5 14.5, 19.5, 22.5, 12.5, 29.5, 23.5, 20.5, 30.5
felixdata 14.5 14.5, 19.5, 23.5, 10.5, 30.5, 21.5, 19.5, 27.5
felixdata 12.5 12.5, 18.5, 23.5, 8.5, 29.5, 20.5, 18.5, 26.5
felixdata 13.5 13.5, 17.5, 22.5, 9.5, 29.5, 20.5, 20.5, 26.5
felixdata 13.5 13.5, 20.5, 23.5, 12.5, 29.5, 22.5, 20.5, 29.5
felixdata 12.5 12.5, 18.5, 22.5, 10.5, 29.5, 22.5, 19.5, 27.5
felixdata 13.5 13.5, 15.5, 22.5, 7.5, 29.5, 20.5, 20.5, 25.5
felixdata 12.5 12.5, 18.5, 22.5, 10.5, 30.5, 22.5, 19.5, 29.5
felixdata 12.5 12.5, 19.5, 22.5, 11.5, 30.5, 23.5, 20.5, 30.5
felixdata 12.5 12.5, 17.5, 20.5, 8.5, 28.5, 20.5, 18.5, 27.5
felixdata 13.5 13.5, 15.5, 22.5, 7.5, 30.5, 18.5, 19.5, 25.5
felixdata 13.5 13.5, 18.5, 22.5, 11.5, 29.5, 20.5, 20.5, 26.5
felixdata 13.5 13.5, 20.5, 22.5, 10.5, 29.5, 22.5, 18.5, 29.5
